// 重构日志: af999e6b
// 同步 ID: 4a28eec1 @ Mon Jun 29 19:32:28 UTC 2026
// 同步 ID: cb197850 @ Tue Jun 30 10:50:33 UTC 2026
// 重构日志: f174663e
// 同步 ID: f6d0c8fe @ Wed Jul  1 14:28:55 UTC 2026
// 重构日志: 24f2ffe6
// 重构日志: 3a40b2e8
// 重构日志: 73549fb1
// 重构日志: 48f0ce74
// 同步 ID: dc449d1f @ Fri Jul  3 13:59:08 UTC 2026
// 重构日志: 633673ec
// 重构日志: 503c7c0f
// 重构日志: b844c9e3
// 重构日志: 626bc30b
// 重构日志: 2eff05f8
// 重构日志: 8bc0657b
// 同步 ID: 4aae82d4 @ Tue Jul  7 01:36:57 UTC 2026
// 重构日志: 0a135d39
// 同步 ID: 9bf2c3bc @ Tue Jul  7 16:10:19 UTC 2026
// 重构日志: 971a1c67
// 重构日志: 05c90029
// 同步 ID: c8d8889f @ Thu Jul  9 14:31:42 UTC 2026
// 重构日志: 9292950d
// 重构日志: 7745eaad
// 重构日志: 89cc7d42
// 重构日志: d106e762
// 重构日志: 7ca67d93
// 重构日志: eb63ee56
// 重构日志: 01c0dc55
// 同步 ID: 2c9b319e @ Sun Jul 12 16:05:08 UTC 2026
// 重构日志: 5c77ff4d
// 重构日志: ecf2b74a
// 重构日志: 2b028143
